<?xml version="1.0" encoding="UTF-8"?>
<testng-results ignored="0" total="2" passed="2" failed="0" skipped="0">
  <reporter-output>
  </reporter-output>
  <suite started-at="2022-07-08T09:32:47 IST" name="Default suite" finished-at="2022-07-08T09:32:47 IST" duration-ms="128">
    <groups>
    </groups>
    <test started-at="2022-07-08T09:32:47 IST" name="Default test" finished-at="2022-07-08T09:32:47 IST" duration-ms="128">
      <class name="com.flipkart.base.PropertyConfiguratorDemo">
        <test-method is-config="true" signature="beforeClass()[pri:0, instance:com.flipkart.base.PropertyConfiguratorDemo@47d9a273]" started-at="2022-07-08T09:32:47 IST" name="beforeClass" finished-at="2022-07-08T09:32:47 IST" duration-ms="94" status="PASS">
          <reporter-output>
          </reporter-output>
        </test-method> <!-- beforeClass -->
        <test-method signature="test1()[pri:0, instance:com.flipkart.base.PropertyConfiguratorDemo@47d9a273]" started-at="2022-07-08T09:32:47 IST" name="test1" finished-at="2022-07-08T09:32:47 IST" duration-ms="3" status="PASS">
          <reporter-output>
          </reporter-output>
        </test-method> <!-- test1 -->
        <test-method signature="test2()[pri:0, instance:com.flipkart.base.PropertyConfiguratorDemo@47d9a273]" started-at="2022-07-08T09:32:47 IST" name="test2" finished-at="2022-07-08T09:32:47 IST" duration-ms="4" status="PASS">
          <reporter-output>
          </reporter-output>
        </test-method> <!-- test2 -->
      </class> <!-- com.flipkart.base.PropertyConfiguratorDemo -->
    </test> <!-- Default test -->
  </suite> <!-- Default suite -->
</testng-results>
